Performing C++ SOURCE FILE Test _fbracket_depth_4096 failed with the following output:
Change Dir: /home/user/pipeline-riscv/verilator/cmake-build-debug/CMakeFiles/CMakeTmp

Run Build Command(s):/usr/bin/make -f Makefile cmTC_010f4/fast && /usr/bin/make  -f CMakeFiles/cmTC_010f4.dir/build.make CMakeFiles/cmTC_010f4.dir/build
make[1]: Entering directory '/home/user/pipeline-riscv/verilator/cmake-build-debug/CMakeFiles/CMakeTmp'
Building CXX object CMakeFiles/cmTC_010f4.dir/src.cxx.o
/usr/bin/c++ -D_fbracket_depth_4096  -fbracket-depth=4096 -std=gnu++14 -o CMakeFiles/cmTC_010f4.dir/src.cxx.o -c /home/user/pipeline-riscv/verilator/cmake-build-debug/CMakeFiles/CMakeTmp/src.cxx
c++: error: unrecognized command line option '-fbracket-depth=4096'
make[1]: *** [CMakeFiles/cmTC_010f4.dir/build.make:78: CMakeFiles/cmTC_010f4.dir/src.cxx.o] Error 1
make[1]: Leaving directory '/home/user/pipeline-riscv/verilator/cmake-build-debug/CMakeFiles/CMakeTmp'
make: *** [Makefile:127: cmTC_010f4/fast] Error 2


Source file was:
int main() { return 0; }
Performing C++ SOURCE FILE Test _mno_cet failed with the following output:
Change Dir: /home/user/pipeline-riscv/verilator/cmake-build-debug/CMakeFiles/CMakeTmp

Run Build Command(s):/usr/bin/make -f Makefile cmTC_9e387/fast && /usr/bin/make  -f CMakeFiles/cmTC_9e387.dir/build.make CMakeFiles/cmTC_9e387.dir/build
make[1]: Entering directory '/home/user/pipeline-riscv/verilator/cmake-build-debug/CMakeFiles/CMakeTmp'
Building CXX object CMakeFiles/cmTC_9e387.dir/src.cxx.o
/usr/bin/c++ -D_mno_cet  -mno-cet -std=gnu++14 -o CMakeFiles/cmTC_9e387.dir/src.cxx.o -c /home/user/pipeline-riscv/verilator/cmake-build-debug/CMakeFiles/CMakeTmp/src.cxx
c++: error: unrecognized command line option '-mno-cet'; did you mean '-mno-aes'?
make[1]: *** [CMakeFiles/cmTC_9e387.dir/build.make:78: CMakeFiles/cmTC_9e387.dir/src.cxx.o] Error 1
make[1]: Leaving directory '/home/user/pipeline-riscv/verilator/cmake-build-debug/CMakeFiles/CMakeTmp'
make: *** [Makefile:127: cmTC_9e387/fast] Error 2


Source file was:
int main() { return 0; }
Performing C++ SOURCE FILE Test _Qunused_arguments failed with the following output:
Change Dir: /home/user/pipeline-riscv/verilator/cmake-build-debug/CMakeFiles/CMakeTmp

Run Build Command(s):/usr/bin/make -f Makefile cmTC_32199/fast && /usr/bin/make  -f CMakeFiles/cmTC_32199.dir/build.make CMakeFiles/cmTC_32199.dir/build
make[1]: Entering directory '/home/user/pipeline-riscv/verilator/cmake-build-debug/CMakeFiles/CMakeTmp'
Building CXX object CMakeFiles/cmTC_32199.dir/src.cxx.o
/usr/bin/c++ -D_Qunused_arguments  -Qunused-arguments -std=gnu++14 -o CMakeFiles/cmTC_32199.dir/src.cxx.o -c /home/user/pipeline-riscv/verilator/cmake-build-debug/CMakeFiles/CMakeTmp/src.cxx
c++: error: unrecognized command line option '-Qunused-arguments'
make[1]: *** [CMakeFiles/cmTC_32199.dir/build.make:78: CMakeFiles/cmTC_32199.dir/src.cxx.o] Error 1
make[1]: Leaving directory '/home/user/pipeline-riscv/verilator/cmake-build-debug/CMakeFiles/CMakeTmp'
make: *** [Makefile:127: cmTC_32199/fast] Error 2


Source file was:
int main() { return 0; }
Performing C++ SOURCE FILE Test _mt failed with the following output:
Change Dir: /home/user/pipeline-riscv/verilator/cmake-build-debug/CMakeFiles/CMakeTmp

Run Build Command(s):/usr/bin/make -f Makefile cmTC_ae6b6/fast && /usr/bin/make  -f CMakeFiles/cmTC_ae6b6.dir/build.make CMakeFiles/cmTC_ae6b6.dir/build
make[1]: Entering directory '/home/user/pipeline-riscv/verilator/cmake-build-debug/CMakeFiles/CMakeTmp'
Building CXX object CMakeFiles/cmTC_ae6b6.dir/src.cxx.o
/usr/bin/c++ -D_mt  -std=gnu++14 -o CMakeFiles/cmTC_ae6b6.dir/src.cxx.o -c /home/user/pipeline-riscv/verilator/cmake-build-debug/CMakeFiles/CMakeTmp/src.cxx
Linking CXX executable cmTC_ae6b6
/home/user/.local/share/JetBrains/Toolbox/apps/CLion/ch-0/212.5457.51/bin/cmake/linux/bin/cmake -E cmake_link_script CMakeFiles/cmTC_ae6b6.dir/link.txt --verbose=1
/usr/bin/c++ CMakeFiles/cmTC_ae6b6.dir/src.cxx.o -o cmTC_ae6b6  -mt 
c++: error: unrecognized command line option ‘-mt’; did you mean ‘-t’?
make[1]: *** [CMakeFiles/cmTC_ae6b6.dir/build.make:99: cmTC_ae6b6] Error 1
make[1]: Leaving directory '/home/user/pipeline-riscv/verilator/cmake-build-debug/CMakeFiles/CMakeTmp'
make: *** [Makefile:127: cmTC_ae6b6/fast] Error 2


Source file was:
int main() {return 0;}

